<?xml version="1.0" encoding="UTF-8"?>
<!-- Generated by org.testng.reporters.JUnitReportReporter -->
<testsuite hostname="DESKTOP-MS30HO8" failures="0" tests="9" name="pkg.Tsttng2" time="0.016" errors="1" timestamp="2024-10-22T14:44:17 IST" skipped="1">
  <testcase classname="pkg.Tsttng2" name="groupc" time="0.002"/>
  <system-out/>
  <testcase classname="pkg.Tsttng2" name="groupa" time="0.001"/>
  <system-out/>
  <testcase classname="pkg.Tsttng2" name="groupj" time="0.000">
    <error message="
Parameter &#039;URL&#039; is required by @Test on method groupj but has not been marked @Optional or defined
in C:\Users\DELL\AppData\Local\Temp\testng-eclipse-1623294983\testng-customsuite.xml" type="org.testng.TestNGException">
      <![CDATA[org.testng.TestNGException: 
Parameter 'URL' is required by @Test on method groupj but has not been marked @Optional or defined
in C:\Users\DELL\AppData\Local\Temp\testng-eclipse-1623294983\testng-customsuite.xml
at org.testng.internal.Parameters.createParams(Parameters.java:270)
at org.testng.internal.Parameters.createParametersForMethod(Parameters.java:358)
at org.testng.internal.Parameters.createParameters(Parameters.java:700)
at org.testng.internal.Parameters.handleParameters(Parameters.java:884)
at org.testng.internal.Parameters.handleParameters(Parameters.java:740)
at org.testng.internal.ParameterHandler.handleParameters(ParameterHandler.java:59)
at org.testng.internal.ParameterHandler.createParameters(ParameterHandler.java:38)
at org.testng.internal.TestInvoker$MethodInvocationAgent.invoke(TestInvoker.java:791)
at org.testng.internal.TestInvoker.invokeTestMethods(TestInvoker.java:146)
at org.testng.internal.TestMethodWorker.invokeTestMethods(TestMethodWorker.java:146)
at org.testng.internal.TestMethodWorker.run(TestMethodWorker.java:128)
at java.base/java.util.ArrayList.forEach(ArrayList.java:1511)
at org.testng.TestRunner.privateRun(TestRunner.java:794)
at org.testng.TestRunner.run(TestRunner.java:596)
at org.testng.SuiteRunner.runTest(SuiteRunner.java:377)
at org.testng.SuiteRunner.runSequentially(SuiteRunner.java:371)
at org.testng.SuiteRunner.privateRun(SuiteRunner.java:332)
at org.testng.SuiteRunner.run(SuiteRunner.java:276)
at org.testng.SuiteRunnerWorker.runSuite(SuiteRunnerWorker.java:53)
at org.testng.SuiteRunnerWorker.run(SuiteRunnerWorker.java:96)
at org.testng.TestNG.runSuitesSequentially(TestNG.java:1212)
at org.testng.TestNG.runSuitesLocally(TestNG.java:1134)
at org.testng.TestNG.runSuites(TestNG.java:1063)
at org.testng.TestNG.run(TestNG.java:1031)
at org.testng.remote.AbstractRemoteTestNG.run(AbstractRemoteTestNG.java:115)
at org.testng.remote.RemoteTestNG.initAndRun(RemoteTestNG.java:293)
at org.testng.remote.RemoteTestNG.main(RemoteTestNG.java:91)
]]>
    </error>
  </testcase> <!-- groupj -->
  <system-out/>
  <testcase classname="pkg.Tsttng2" name="groupe" time="0.000"/>
  <system-out/>
  <testcase classname="pkg.Tsttng2" name="group" time="0.010"/>
  <system-out/>
  <testcase classname="pkg.Tsttng2" name="groupb" time="0.001"/>
  <system-out/>
  <testcase classname="pkg.Tsttng2" name="groupg" time="0.001"/>
  <system-out/>
  <testcase classname="pkg.Tsttng2" name="groupf" time="0.001"/>
  <system-out/>
  <testcase classname="pkg.Tsttng2" name="groupd">
    <skipped/>
  </testcase> <!-- groupd -->
  <system-out/>
</testsuite> <!-- pkg.Tsttng2 -->
